<?xml version="1.0" encoding="utf-8"?><testsuites name="pytest tests"><testsuite name="pytest" errors="0" failures="0" skipped="0" tests="22" time="7.903" timestamp="2026-09-10T07:40:13.390741+00:00" hostname="agent-env-d20ffbca-c714-4827-9ded-b95b4e46b4ec"><testcase classname="tests.backend_test" name="test_public_content_lists[tours-9]" time="0.263" /><testcase classname="tests.backend_test" name="test_public_content_lists[cars-6]" time="0.130" /><testcase classname="tests.backend_test" name="test_public_content_lists[activities-9]" time="0.136" /><testcase classname="tests.backend_test" name="test_public_content_lists[articles-7]" time="0.142" /><testcase classname="tests.backend_test" name="test_content_by_slug" time="0.179" /><testcase classname="tests.backend_test" name="test_content_slug_not_found" time="0.190" /><testcase classname="tests.backend_test" name="test_login_success" time="0.396" /><testcase classname="tests.backend_test" name="test_login_wrong_password" time="0.375" /><testcase classname="tests.backend_test" name="test_auth_me" time="0.510" /><testcase classname="tests.backend_test" name="test_content_write_requires_auth" time="0.131" /><testcase classname="tests.backend_test" name="test_crud_resource[tours-payload0]" time="0.760" /><testcase classname="tests.backend_test" name="test_crud_resource[cars-payload1]" time="0.677" /><testcase classname="tests.backend_test" name="test_crud_resource[activities-payload2]" time="0.702" /><testcase classname="tests.backend_test" name="test_crud_resource[articles-payload3]" time="0.752" /><testcase classname="tests.backend_test" name="test_bookings_list" time="0.253" /><testcase classname="tests.backend_test" name="test_bookings_patch_status" time="0.140" /><testcase classname="tests.backend_test" name="test_bookings_patch_invalid_status" time="0.124" /><testcase classname="tests.backend_test" name="test_bookings_delete" time="0.275" /><testcase classname="tests.backend_test" name="test_admin_stats" time="0.154" /><testcase classname="tests.backend_test" name="test_upload_png_and_serve" time="0.858" /><testcase classname="tests.backend_test" name="test_upload_rejects_non_image" time="0.116" /><testcase classname="tests.backend_test" name="test_upload_requires_auth" time="0.120" /></testsuite></testsuites>